13:15:17.894 [INFO ] - Start analyze track
13:15:17.896 [INFO ] - Range :
13:15:17.897 [INFO ] -  Upper: G#4
13:15:17.897 [INFO ] -  Lower: A#2
13:15:17.897 [INFO ] -  Range: 22
13:15:17.900 [INFO ] - The number of notes by duration
13:15:17.900 [INFO ] - 178ms: 161
13:15:17.900 [INFO ] - 1250ms: 8
13:15:17.901 [INFO ] - 1428ms: 14
13:15:17.901 [INFO ] - 357ms: 162
13:15:17.901 [INFO ] - 535ms: 32
13:15:17.901 [INFO ] - 1607ms: 10
13:15:17.901 [INFO ] - 714ms: 27
13:15:17.901 [INFO ] - 892ms: 10
13:15:17.902 [INFO ] - 172ms: 3
13:15:17.902 [INFO ] - 2494ms: 1
13:15:17.902 [INFO ] - 1071ms: 1
13:15:17.903 [INFO ] - 351ms: 8
13:15:17.906 [INFO ] - List of notes by number of occurrences
13:15:17.906 [INFO ] - H2: 2
13:15:17.906 [INFO ] - H3: 21
13:15:17.906 [INFO ] - G3: 41
13:15:17.907 [INFO ] - F3: 29
13:15:17.907 [INFO ] - G4: 14
13:15:17.907 [INFO ] - E3: 21
13:15:17.907 [INFO ] - F4: 22
13:15:17.908 [INFO ] - D3: 14
13:15:17.909 [INFO ] - E4: 21
13:15:17.909 [INFO ] - D4: 22
13:15:17.910 [INFO ] - A#2: 1
13:15:17.911 [INFO ] - A#3: 52
13:15:17.911 [INFO ] - C4: 37
13:15:17.912 [INFO ] - A3: 24
13:15:17.912 [INFO ] - C#3: 6
13:15:17.912 [INFO ] - C#4: 35
13:15:17.913 [INFO ] - D#4: 16
13:15:17.914 [INFO ] - D#3: 2
13:15:17.918 [INFO ] - G#3: 38
13:15:17.921 [INFO ] - F#4: 1
13:15:17.922 [INFO ] - F#3: 10
13:15:17.923 [INFO ] - G#4: 8
13:16:28.570 [INFO ] - Start analyze track
13:16:28.573 [INFO ] - Range :
13:16:28.573 [INFO ] -  Upper: G#4
13:16:28.573 [INFO ] -  Lower: A#2
13:16:28.574 [INFO ] -  Range: 22
13:16:28.576 [INFO ] - The number of notes by duration
13:16:28.576 [INFO ] - 178ms: 161
13:16:28.576 [INFO ] - 1250ms: 8
13:16:28.576 [INFO ] - 1428ms: 14
13:16:28.576 [INFO ] - 357ms: 162
13:16:28.577 [INFO ] - 535ms: 32
13:16:28.577 [INFO ] - 1607ms: 10
13:16:28.577 [INFO ] - 714ms: 27
13:16:28.577 [INFO ] - 892ms: 10
13:16:28.577 [INFO ] - 172ms: 3
13:16:28.577 [INFO ] - 2494ms: 1
13:16:28.578 [INFO ] - 1071ms: 1
13:16:28.578 [INFO ] - 351ms: 8
13:16:28.579 [INFO ] - List of notes by number of occurrences
13:16:28.581 [INFO ] - H2: 2
13:16:28.582 [INFO ] - H3: 21
13:16:28.582 [INFO ] - G3: 41
13:16:28.585 [INFO ] - F3: 29
13:16:28.585 [INFO ] - G4: 14
13:16:28.586 [INFO ] - E3: 21
13:16:28.586 [INFO ] - F4: 22
13:16:28.586 [INFO ] - D3: 14
13:16:28.587 [INFO ] - E4: 21
13:16:28.588 [INFO ] - D4: 22
13:16:28.588 [INFO ] - A#2: 1
13:16:28.589 [INFO ] - A#3: 52
13:16:28.589 [INFO ] - C4: 37
13:16:28.590 [INFO ] - A3: 24
13:16:28.594 [INFO ] - C#3: 6
13:16:28.598 [INFO ] - C#4: 35
13:16:28.598 [INFO ] - D#4: 16
13:16:28.599 [INFO ] - D#3: 2
13:16:28.600 [INFO ] - G#3: 38
13:16:28.600 [INFO ] - F#4: 1
13:16:28.601 [INFO ] - F#3: 10
13:16:28.601 [INFO ] - G#4: 8
