20.03.2020 13:12:13.309 [main] TRACE ru.liga.App - Checking the track for voice performance.
20.03.2020 13:12:13.312 [main] TRACE ru.liga.App - Not good track
20.03.2020 13:12:13.312 [main] TRACE ru.liga.App - Checking the track for voice performance.
20.03.2020 13:12:13.312 [main] TRACE ru.liga.App - Not good track
20.03.2020 13:12:13.312 [main] TRACE ru.liga.App - Checking the track for voice performance.
20.03.2020 13:12:13.312 [main] TRACE ru.liga.App - Good track
20.03.2020 13:12:13.312 [main] TRACE ru.liga.App - Checking the track for voice performance.
20.03.2020 13:12:13.313 [main] TRACE ru.liga.App - Not good track
20.03.2020 13:12:13.313 [main] TRACE ru.liga.App - Checking the track for voice performance.
20.03.2020 13:12:13.313 [main] TRACE ru.liga.App - Not good track
20.03.2020 13:12:13.313 [main] TRACE ru.liga.App - Found 2 tracks suitable for performance by voice.
20.03.2020 13:12:13.317 [main] DEBUG ru.liga.App - All TextEvent in file 404
20.03.2020 13:12:13.319 [main] TRACE ru.liga.App - Analysis of track notes by duration.
20.03.2020 13:12:13.320 [main] TRACE ru.liga.App - Retrieved event Tempo = 0 (0): Tempo
20.03.2020 13:12:13.322 [main] INFO  ru.liga.App - The number of notes by duration
20.03.2020 13:12:13.323 [main] INFO  ru.liga.App - 56640000ms: 218
20.03.2020 13:12:13.324 [main] INFO  ru.liga.App - 86400000ms: 4
20.03.2020 13:12:13.324 [main] INFO  ru.liga.App - 28800000ms: 9
20.03.2020 13:12:13.324 [main] INFO  ru.liga.App - 85440000ms: 33
20.03.2020 13:12:13.324 [main] INFO  ru.liga.App - 115200000ms: 40
20.03.2020 13:12:13.324 [main] INFO  ru.liga.App - 57600000ms: 10
20.03.2020 13:12:13.324 [main] INFO  ru.liga.App - 171840000ms: 16
20.03.2020 13:12:13.324 [main] INFO  ru.liga.App - 114240000ms: 72
20.03.2020 13:13:01.533 [main] DEBUG ru.liga.App - Try to find track
20.03.2020 13:13:01.536 [main] TRACE ru.liga.App - Getting fit tracks
20.03.2020 13:13:01.536 [main] TRACE ru.liga.App - Extract tracks
20.03.2020 13:13:01.576 [main] TRACE ru.liga.App - Tracks Extracted 10 from file.
20.03.2020 13:13:01.577 [main] TRACE ru.liga.App - Track with voice
20.03.2020 13:13:01.578 [main] TRACE ru.liga.App - Checking the track for voice performance.
20.03.2020 13:13:01.578 [main] TRACE ru.liga.App - Not good track
20.03.2020 13:13:01.578 [main] TRACE ru.liga.App - Checking the track for voice performance.
20.03.2020 13:13:01.579 [main] TRACE ru.liga.App - Good track
20.03.2020 13:13:01.579 [main] TRACE ru.liga.App - Checking the track for voice performance.
20.03.2020 13:13:01.579 [main] TRACE ru.liga.App - Not good track
20.03.2020 13:13:01.579 [main] TRACE ru.liga.App - Checking the track for voice performance.
20.03.2020 13:13:01.579 [main] TRACE ru.liga.App - Not good track
20.03.2020 13:13:01.579 [main] TRACE ru.liga.App - Checking the track for voice performance.
20.03.2020 13:13:01.579 [main] TRACE ru.liga.App - Not good track
20.03.2020 13:13:01.579 [main] TRACE ru.liga.App - Checking the track for voice performance.
20.03.2020 13:13:01.579 [main] TRACE ru.liga.App - Not good track
20.03.2020 13:13:01.579 [main] TRACE ru.liga.App - Checking the track for voice performance.
20.03.2020 13:13:01.580 [main] TRACE ru.liga.App - Not good track
20.03.2020 13:13:01.580 [main] TRACE ru.liga.App - Checking the track for voice performance.
20.03.2020 13:13:01.580 [main] TRACE ru.liga.App - Good track
20.03.2020 13:13:01.580 [main] TRACE ru.liga.App - Checking the track for voice performance.
20.03.2020 13:13:01.580 [main] TRACE ru.liga.App - Not good track
20.03.2020 13:13:01.580 [main] TRACE ru.liga.App - Checking the track for voice performance.
20.03.2020 13:13:01.580 [main] TRACE ru.liga.App - Not good track
20.03.2020 13:13:01.580 [main] TRACE ru.liga.App - Found 2 tracks suitable for performance by voice.
20.03.2020 13:13:01.585 [main] DEBUG ru.liga.App - All TextEvent in file 404
20.03.2020 13:13:01.589 [main] TRACE ru.liga.App - Analysis of notes by the number of occurrences.
20.03.2020 13:13:01.591 [main] INFO  ru.liga.App - List of notes by number of occurrences
20.03.2020 13:13:01.593 [main] INFO  ru.liga.App - D4: 48
20.03.2020 13:13:01.594 [main] INFO  ru.liga.App - C4: 33
20.03.2020 13:13:01.594 [main] INFO  ru.liga.App - A#3: 5
20.03.2020 13:13:01.595 [main] INFO  ru.liga.App - A3: 15
20.03.2020 13:13:01.595 [main] INFO  ru.liga.App - A#4: 79
20.03.2020 13:13:01.595 [main] INFO  ru.liga.App - A4: 82
20.03.2020 13:13:01.595 [main] INFO  ru.liga.App - F3: 5
20.03.2020 13:13:01.596 [main] INFO  ru.liga.App - G4: 24
20.03.2020 13:13:01.596 [main] INFO  ru.liga.App - F4: 88
20.03.2020 13:13:01.596 [main] INFO  ru.liga.App - E4: 23
20.03.2020 13:13:13.119 [main] DEBUG ru.liga.App - Try to find track
20.03.2020 13:13:13.123 [main] TRACE ru.liga.App - Getting fit tracks
20.03.2020 13:13:13.123 [main] TRACE ru.liga.App - Extract tracks
20.03.2020 13:13:13.156 [main] TRACE ru.liga.App - Tracks Extracted 10 from file.
20.03.2020 13:13:13.156 [main] TRACE ru.liga.App - Track with voice
20.03.2020 13:13:13.157 [main] TRACE ru.liga.App - Checking the track for voice performance.
20.03.2020 13:13:13.158 [main] TRACE ru.liga.App - Not good track
20.03.2020 13:13:13.158 [main] TRACE ru.liga.App - Checking the track for voice performance.
20.03.2020 13:13:13.158 [main] TRACE ru.liga.App - Good track
20.03.2020 13:13:13.158 [main] TRACE ru.liga.App - Checking the track for voice performance.
20.03.2020 13:13:13.158 [main] TRACE ru.liga.App - Not good track
20.03.2020 13:13:13.158 [main] TRACE ru.liga.App - Checking the track for voice performance.
20.03.2020 13:13:13.158 [main] TRACE ru.liga.App - Not good track
20.03.2020 13:13:13.158 [main] TRACE ru.liga.App - Checking the track for voice performance.
20.03.2020 13:13:13.158 [main] TRACE ru.liga.App - Not good track
20.03.2020 13:13:13.158 [main] TRACE ru.liga.App - Checking the track for voice performance.
20.03.2020 13:13:13.159 [main] TRACE ru.liga.App - Not good track
20.03.2020 13:13:13.159 [main] TRACE ru.liga.App - Checking the track for voice performance.
20.03.2020 13:13:13.159 [main] TRACE ru.liga.App - Not good track
20.03.2020 13:13:13.159 [main] TRACE ru.liga.App - Checking the track for voice performance.
20.03.2020 13:13:13.159 [main] TRACE ru.liga.App - Good track
20.03.2020 13:13:13.159 [main] TRACE ru.liga.App - Checking the track for voice performance.
20.03.2020 13:13:13.159 [main] TRACE ru.liga.App - Not good track
20.03.2020 13:13:13.159 [main] TRACE ru.liga.App - Checking the track for voice performance.
20.03.2020 13:13:13.160 [main] TRACE ru.liga.App - Not good track
20.03.2020 13:13:13.160 [main] TRACE ru.liga.App - Found 2 tracks suitable for performance by voice.
20.03.2020 13:13:13.163 [main] DEBUG ru.liga.App - All TextEvent in file 404
20.03.2020 13:13:13.166 [main] TRACE ru.liga.App - Analysis of notes by the number of occurrences.
20.03.2020 13:13:13.168 [main] INFO  ru.liga.App - List of notes by number of occurrences
20.03.2020 13:13:13.169 [main] INFO  ru.liga.App - D4: 48
20.03.2020 13:13:13.169 [main] INFO  ru.liga.App - C4: 33
20.03.2020 13:13:13.169 [main] INFO  ru.liga.App - A#3: 5
20.03.2020 13:13:13.170 [main] INFO  ru.liga.App - A3: 15
20.03.2020 13:13:13.170 [main] INFO  ru.liga.App - A#4: 79
20.03.2020 13:13:13.170 [main] INFO  ru.liga.App - A4: 82
20.03.2020 13:13:13.170 [main] INFO  ru.liga.App - F3: 5
20.03.2020 13:13:13.170 [main] INFO  ru.liga.App - G4: 24
20.03.2020 13:13:13.170 [main] INFO  ru.liga.App - F4: 88
20.03.2020 13:13:13.170 [main] INFO  ru.liga.App - E4: 23
20.03.2020 13:15:29.819 [main] DEBUG ru.liga.App - Try to find track
20.03.2020 13:15:29.821 [main] TRACE ru.liga.App - Getting fit tracks
20.03.2020 13:15:29.821 [main] TRACE ru.liga.App - Extract tracks
20.03.2020 13:15:29.846 [main] TRACE ru.liga.App - Tracks Extracted 10 from file.
20.03.2020 13:15:29.847 [main] TRACE ru.liga.App - Track with voice
20.03.2020 13:15:29.847 [main] TRACE ru.liga.App - Checking the track for voice performance.
20.03.2020 13:15:29.847 [main] TRACE ru.liga.App - Not good track
20.03.2020 13:15:29.847 [main] TRACE ru.liga.App - Checking the track for voice performance.
20.03.2020 13:15:29.847 [main] TRACE ru.liga.App - Good track
20.03.2020 13:15:29.847 [main] TRACE ru.liga.App - Checking the track for voice performance.
20.03.2020 13:15:29.848 [main] TRACE ru.liga.App - Not good track
20.03.2020 13:15:29.848 [main] TRACE ru.liga.App - Checking the track for voice performance.
20.03.2020 13:15:29.848 [main] TRACE ru.liga.App - Not good track
20.03.2020 13:15:29.848 [main] TRACE ru.liga.App - Checking the track for voice performance.
20.03.2020 13:15:29.848 [main] TRACE ru.liga.App - Not good track
20.03.2020 13:15:29.848 [main] TRACE ru.liga.App - Checking the track for voice performance.
20.03.2020 13:15:29.848 [main] TRACE ru.liga.App - Not good track
20.03.2020 13:15:29.848 [main] TRACE ru.liga.App - Checking the track for voice performance.
20.03.2020 13:15:29.848 [main] TRACE ru.liga.App - Not good track
20.03.2020 13:15:29.848 [main] TRACE ru.liga.App - Checking the track for voice performance.
20.03.2020 13:15:29.848 [main] TRACE ru.liga.App - Good track
20.03.2020 13:15:29.848 [main] TRACE ru.liga.App - Checking the track for voice performance.
20.03.2020 13:15:29.848 [main] TRACE ru.liga.App - Not good track
20.03.2020 13:15:29.848 [main] TRACE ru.liga.App - Checking the track for voice performance.
20.03.2020 13:15:29.848 [main] TRACE ru.liga.App - Not good track
20.03.2020 13:15:29.848 [main] TRACE ru.liga.App - Found 2 tracks suitable for performance by voice.
20.03.2020 13:15:29.851 [main] DEBUG ru.liga.App - All TextEvent in file 404
