13:09:00.792 [INFO ] - Range :
13:09:00.794 [INFO ] -  Upper: A#4
13:09:00.795 [INFO ] -  Lower: F3
13:09:00.796 [INFO ] -  Range: 17
13:09:23.797 [INFO ] - Range :
13:09:23.798 [INFO ] -  Upper: A#4
13:09:23.798 [INFO ] -  Lower: F3
13:09:23.798 [INFO ] -  Range: 17
13:10:16.165 [INFO ] - Range :
13:10:16.166 [INFO ] -  Upper: A#4
13:10:16.166 [INFO ] -  Lower: F3
13:10:16.166 [INFO ] -  Range: 17
13:11:55.923 [INFO ] - The number of notes by duration
13:11:55.924 [INFO ] - 56640000ms: 218
13:11:55.924 [INFO ] - 86400000ms: 4
13:11:55.925 [INFO ] - 28800000ms: 9
13:11:55.925 [INFO ] - 85440000ms: 33
13:11:55.927 [INFO ] - 115200000ms: 40
13:11:55.927 [INFO ] - 57600000ms: 10
13:11:55.927 [INFO ] - 171840000ms: 16
13:11:55.927 [INFO ] - 114240000ms: 72
13:12:13.322 [INFO ] - The number of notes by duration
13:12:13.323 [INFO ] - 56640000ms: 218
13:12:13.324 [INFO ] - 86400000ms: 4
13:12:13.324 [INFO ] - 28800000ms: 9
13:12:13.324 [INFO ] - 85440000ms: 33
13:12:13.324 [INFO ] - 115200000ms: 40
13:12:13.324 [INFO ] - 57600000ms: 10
13:12:13.324 [INFO ] - 171840000ms: 16
13:12:13.324 [INFO ] - 114240000ms: 72
13:13:01.591 [INFO ] - List of notes by number of occurrences
13:13:01.593 [INFO ] - D4: 48
13:13:01.594 [INFO ] - C4: 33
13:13:01.594 [INFO ] - A#3: 5
13:13:01.595 [INFO ] - A3: 15
13:13:01.595 [INFO ] - A#4: 79
13:13:01.595 [INFO ] - A4: 82
13:13:01.595 [INFO ] - F3: 5
13:13:01.596 [INFO ] - G4: 24
13:13:01.596 [INFO ] - F4: 88
13:13:01.596 [INFO ] - E4: 23
13:13:13.168 [INFO ] - List of notes by number of occurrences
13:13:13.169 [INFO ] - D4: 48
13:13:13.169 [INFO ] - C4: 33
13:13:13.169 [INFO ] - A#3: 5
13:13:13.170 [INFO ] - A3: 15
13:13:13.170 [INFO ] - A#4: 79
13:13:13.170 [INFO ] - A4: 82
13:13:13.170 [INFO ] - F3: 5
13:13:13.170 [INFO ] - G4: 24
13:13:13.170 [INFO ] - F4: 88
13:13:13.170 [INFO ] - E4: 23
